2019/11/27 18:09:41 


2019/11/27 18:09:41 Starting Database
2019/11/27 18:15:51 


2019/11/27 18:15:51 Starting Database
2019/11/27 18:54:31 


2019/11/27 18:54:31 Starting Database
2019/11/27 18:57:35 


2019/11/27 18:57:35 Starting Database
2019/11/27 18:57:53 


2019/11/27 18:57:53 Starting Database
2019/11/27 18:58:01 


2019/11/27 18:58:01 Starting Database
2019/11/27 18:58:31 


2019/11/27 18:58:31 Starting Database
2019/11/27 18:59:32 


2019/11/27 18:59:32 Starting Database
2019/11/27 18:59:52 error parsing uri: lookup javascriptquizgame-s4ih7.mongodb.net on 127.0.0.53:53: cannot unmarshal DNS message
2019/11/27 18:59:52 database.go : Database Connection Error
2019/11/27 19:00:17 Starting Database Update
2019/11/27 19:00:17 error parsing uri: lookup javascriptquizgame-s4ih7.mongodb.net on 127.0.0.53:53: cannot unmarshal DNS message
2019/11/27 19:00:17 database.go : Database Connection Error
2019/11/27 19:00:17 Database Error Occurred
2019/11/27 19:02:23 


2019/11/27 19:02:23 Starting Database
2019/11/27 19:02:51 


2019/11/27 19:02:51 Starting Database
